<?xml version="1.0" encoding="UTF-8"?>
<!-- Generated by org.testng.reporters.JUnitReportReporter -->
<testsuite hostname="DESKTOP-ROLOOPG" failures="0" tests="1" name="com.Salesforce.cucumber.runnerfiles.SaleforceRunner" time="0.141" errors="0" timestamp="2024-02-25T21:36:29 CST" skipped="0">
  <testcase classname="com.Salesforce.cucumber.runnerfiles.SaleforceRunner" name="runScenario" time="0.141"/>
  <system-out/>
</testsuite> <!-- com.Salesforce.cucumber.runnerfiles.SaleforceRunner -->
